\BOOKMARK [1][-]{section.1}{\376\377\000I\000n\000t\000r\000o\000d\000u\000c\000t\000i\000o\000n}{}% 1
\BOOKMARK [1][-]{section.2}{\376\377\000T\000h\000e\000o\000r\000e\000t\000i\000c\000a\000l\000\040\000M\000o\000d\000e\000l}{}% 2
\BOOKMARK [2][-]{subsection.2.1}{\376\377\000R\000e\000p\000r\000e\000s\000e\000n\000t\000a\000t\000i\000v\000e\000\040\000H\000o\000u\000s\000e\000h\000o\000l\000d}{section.2}% 3
\BOOKMARK [3][-]{subsubsection.2.1.1}{\376\377\000P\000r\000e\000f\000e\000r\000e\000n\000c\000e\000s\000\040\000a\000n\000d\000\040\000C\000o\000n\000s\000t\000r\000a\000i\000n\000t\000s}{subsection.2.1}% 4
\BOOKMARK [3][-]{subsubsection.2.1.2}{\376\377\000H\000o\000u\000s\000e\000h\000o\000l\000d\000\040\000O\000p\000t\000i\000m\000i\000z\000a\000t\000i\000o\000n}{subsection.2.1}% 5
\BOOKMARK [2][-]{subsection.2.2}{\376\377\000R\000e\000p\000r\000e\000s\000e\000n\000t\000a\000t\000i\000v\000e\000\040\000F\000i\000r\000m}{section.2}% 6
\BOOKMARK [3][-]{subsubsection.2.2.1}{\376\377\000P\000r\000o\000d\000u\000c\000t\000i\000o\000n\000\040\000T\000e\000c\000h\000n\000o\000l\000o\000g\000y}{subsection.2.2}% 7
\BOOKMARK [3][-]{subsubsection.2.2.2}{\376\377\000F\000i\000r\000m\000\040\000O\000p\000t\000i\000m\000i\000z\000a\000t\000i\000o\000n}{subsection.2.2}% 8
\BOOKMARK [2][-]{subsection.2.3}{\376\377\000F\000i\000s\000c\000a\000l\000\040\000A\000u\000t\000h\000o\000r\000i\000t\000y\000\040\000w\000i\000t\000h\000\040\000I\000m\000p\000e\000r\000f\000e\000c\000t\000\040\000I\000n\000f\000o\000r\000m\000a\000t\000i\000o\000n}{section.2}% 9
\BOOKMARK [3][-]{subsubsection.2.3.1}{\376\377\000I\000n\000f\000o\000r\000m\000a\000t\000i\000o\000n\000\040\000S\000t\000r\000u\000c\000t\000u\000r\000e}{subsection.2.3}% 10
\BOOKMARK [3][-]{subsubsection.2.3.2}{\376\377\000B\000e\000l\000i\000e\000f\000\040\000F\000o\000r\000m\000a\000t\000i\000o\000n\000\040\000a\000n\000d\000\040\000L\000e\000a\000r\000n\000i\000n\000g}{subsection.2.3}% 11
\BOOKMARK [3][-]{subsubsection.2.3.3}{\376\377\000F\000i\000s\000c\000a\000l\000\040\000P\000o\000l\000i\000c\000y\000\040\000R\000u\000l\000e}{subsection.2.3}% 12
\BOOKMARK [3][-]{subsubsection.2.3.4}{\376\377\000U\000n\000c\000e\000r\000t\000a\000i\000n\000t\000y\000\040\000R\000e\000g\000i\000m\000e\000s}{subsection.2.3}% 13
\BOOKMARK [2][-]{subsection.2.4}{\376\377\000S\000t\000o\000c\000h\000a\000s\000t\000i\000c\000\040\000P\000r\000o\000c\000e\000s\000s\000e\000s}{section.2}% 14
\BOOKMARK [3][-]{subsubsection.2.4.1}{\376\377\000T\000o\000t\000a\000l\000\040\000F\000a\000c\000t\000o\000r\000\040\000P\000r\000o\000d\000u\000c\000t\000i\000v\000i\000t\000y}{subsection.2.4}% 15
\BOOKMARK [3][-]{subsubsection.2.4.2}{\376\377\000G\000o\000v\000e\000r\000n\000m\000e\000n\000t\000\040\000S\000p\000e\000n\000d\000i\000n\000g\000\040\000S\000h\000o\000c\000k\000s}{subsection.2.4}% 16
\BOOKMARK [3][-]{subsubsection.2.4.3}{\376\377\000U\000n\000c\000e\000r\000t\000a\000i\000n\000t\000y\000\040\000R\000e\000g\000i\000m\000e\000\040\000E\000v\000o\000l\000u\000t\000i\000o\000n}{subsection.2.4}% 17
\BOOKMARK [2][-]{subsection.2.5}{\376\377\000G\000o\000v\000e\000r\000n\000m\000e\000n\000t\000\040\000B\000u\000d\000g\000e\000t\000\040\000C\000o\000n\000s\000t\000r\000a\000i\000n\000t\000\040\000a\000n\000d\000\040\000D\000e\000b\000t\000\040\000D\000y\000n\000a\000m\000i\000c\000s}{section.2}% 18
\BOOKMARK [2][-]{subsection.2.6}{\376\377\000M\000a\000r\000k\000e\000t\000\040\000C\000l\000e\000a\000r\000i\000n\000g\000\040\000a\000n\000d\000\040\000E\000q\000u\000i\000l\000i\000b\000r\000i\000u\000m}{section.2}% 19
\BOOKMARK [3][-]{subsubsection.2.6.1}{\376\377\000R\000e\000s\000o\000u\000r\000c\000e\000\040\000C\000o\000n\000s\000t\000r\000a\000i\000n\000t}{subsection.2.6}% 20
\BOOKMARK [3][-]{subsubsection.2.6.2}{\376\377\000C\000a\000p\000i\000t\000a\000l\000\040\000M\000a\000r\000k\000e\000t\000\040\000E\000q\000u\000i\000l\000i\000b\000r\000i\000u\000m}{subsection.2.6}% 21
\BOOKMARK [3][-]{subsubsection.2.6.3}{\376\377\000D\000e\000f\000i\000n\000i\000t\000i\000o\000n\000\040\000o\000f\000\040\000C\000o\000m\000p\000e\000t\000i\000t\000i\000v\000e\000\040\000E\000q\000u\000i\000l\000i\000b\000r\000i\000u\000m}{subsection.2.6}% 22
\BOOKMARK [2][-]{subsection.2.7}{\376\377\000P\000o\000l\000i\000c\000y\000\040\000E\000r\000r\000o\000r\000\040\000D\000e\000f\000i\000n\000i\000t\000i\000o\000n\000\040\000a\000n\000d\000\040\000M\000e\000a\000s\000u\000r\000e\000m\000e\000n\000t}{section.2}% 23
\BOOKMARK [1][-]{section.3}{\376\377\000S\000t\000e\000a\000d\000y\000\040\000S\000t\000a\000t\000e\000\040\000A\000n\000a\000l\000y\000s\000i\000s\000\040\000a\000n\000d\000\040\000M\000o\000d\000e\000l\000\040\000L\000i\000n\000e\000a\000r\000i\000z\000a\000t\000i\000o\000n}{}% 24
\BOOKMARK [2][-]{subsection.3.1}{\376\377\000S\000t\000e\000a\000d\000y\000\040\000S\000t\000a\000t\000e\000\040\000D\000e\000r\000i\000v\000a\000t\000i\000o\000n}{section.3}% 25
\BOOKMARK [3][-]{subsubsection.3.1.1}{\376\377\000C\000a\000p\000i\000t\000a\000l\000\040\000a\000n\000d\000\040\000O\000u\000t\000p\000u\000t}{subsection.3.1}% 26
\BOOKMARK [3][-]{subsubsection.3.1.2}{\376\377\000C\000o\000n\000s\000u\000m\000p\000t\000i\000o\000n\000\040\000a\000n\000d\000\040\000G\000o\000v\000e\000r\000n\000m\000e\000n\000t\000\040\000S\000p\000e\000n\000d\000i\000n\000g}{subsection.3.1}% 27
\BOOKMARK [3][-]{subsubsection.3.1.3}{\376\377\000G\000o\000v\000e\000r\000n\000m\000e\000n\000t\000\040\000D\000e\000b\000t}{subsection.3.1}% 28
\BOOKMARK [3][-]{subsubsection.3.1.4}{\376\377\000S\000u\000m\000m\000a\000r\000y\000\040\000o\000f\000\040\000S\000t\000e\000a\000d\000y\000\040\000S\000t\000a\000t\000e\000\040\000V\000a\000l\000u\000e\000s}{subsection.3.1}% 29
\BOOKMARK [2][-]{subsection.3.2}{\376\377\000L\000o\000g\000-\000L\000i\000n\000e\000a\000r\000i\000z\000a\000t\000i\000o\000n}{section.3}% 30
\BOOKMARK [3][-]{subsubsection.3.2.1}{\376\377\000L\000o\000g\000-\000L\000i\000n\000e\000a\000r\000i\000z\000a\000t\000i\000o\000n\000\040\000M\000e\000t\000h\000o\000d}{subsection.3.2}% 31
\BOOKMARK [3][-]{subsubsection.3.2.2}{\376\377\000L\000i\000n\000e\000a\000r\000i\000z\000e\000d\000\040\000P\000r\000o\000d\000u\000c\000t\000i\000o\000n\000\040\000F\000u\000n\000c\000t\000i\000o\000n}{subsection.3.2}% 32
\BOOKMARK [3][-]{subsubsection.3.2.3}{\376\377\000L\000i\000n\000e\000a\000r\000i\000z\000e\000d\000\040\000E\000u\000l\000e\000r\000\040\000E\000q\000u\000a\000t\000i\000o\000n}{subsection.3.2}% 33
\BOOKMARK [3][-]{subsubsection.3.2.4}{\376\377\000L\000i\000n\000e\000a\000r\000i\000z\000e\000d\000\040\000R\000e\000s\000o\000u\000r\000c\000e\000\040\000C\000o\000n\000s\000t\000r\000a\000i\000n\000t}{subsection.3.2}% 34
\BOOKMARK [3][-]{subsubsection.3.2.5}{\376\377\000S\000t\000a\000t\000e\000-\000S\000p\000a\000c\000e\000\040\000R\000e\000p\000r\000e\000s\000e\000n\000t\000a\000t\000i\000o\000n}{subsection.3.2}% 35
\BOOKMARK [3][-]{subsubsection.3.2.6}{\376\377\000T\000r\000a\000n\000s\000i\000t\000i\000o\000n\000\040\000M\000a\000t\000r\000i\000x\000\040\000D\000e\000r\000i\000v\000a\000t\000i\000o\000n}{subsection.3.2}% 36
\BOOKMARK [3][-]{subsubsection.3.2.7}{\376\377\000C\000o\000m\000p\000l\000e\000t\000e\000\040\000T\000r\000a\000n\000s\000i\000t\000i\000o\000n\000\040\000M\000a\000t\000r\000i\000x}{subsection.3.2}% 37
\BOOKMARK [1][-]{section.4}{\376\377\000C\000a\000l\000i\000b\000r\000a\000t\000i\000o\000n\000\040\000a\000n\000d\000\040\000S\000i\000m\000u\000l\000a\000t\000i\000o\000n\000\040\000R\000e\000s\000u\000l\000t\000s}{}% 38
\BOOKMARK [2][-]{subsection.4.1}{\376\377\000P\000a\000r\000a\000m\000e\000t\000e\000r\000\040\000C\000a\000l\000i\000b\000r\000a\000t\000i\000o\000n}{section.4}% 39
\BOOKMARK [3][-]{subsubsection.4.1.1}{\376\377\000S\000t\000a\000n\000d\000a\000r\000d\000\040\000R\000B\000C\000\040\000P\000a\000r\000a\000m\000e\000t\000e\000r\000s}{subsection.4.1}% 40
\BOOKMARK [3][-]{subsubsection.4.1.2}{\376\377\000F\000i\000s\000c\000a\000l\000\040\000P\000a\000r\000a\000m\000e\000t\000e\000r\000s}{subsection.4.1}% 41
\BOOKMARK [3][-]{subsubsection.4.1.3}{\376\377\000I\000n\000f\000o\000r\000m\000a\000t\000i\000o\000n\000\040\000a\000n\000d\000\040\000L\000e\000a\000r\000n\000i\000n\000g\000\040\000P\000a\000r\000a\000m\000e\000t\000e\000r\000s}{subsection.4.1}% 42
\BOOKMARK [3][-]{subsubsection.4.1.4}{\376\377\000U\000n\000c\000e\000r\000t\000a\000i\000n\000t\000y\000\040\000R\000e\000g\000i\000m\000e\000\040\000P\000a\000r\000a\000m\000e\000t\000e\000r\000s}{subsection.4.1}% 43
\BOOKMARK [3][-]{subsubsection.4.1.5}{\376\377\000C\000a\000l\000i\000b\000r\000a\000t\000i\000o\000n\000\040\000S\000u\000m\000m\000a\000r\000y}{subsection.4.1}% 44
\BOOKMARK [2][-]{subsection.4.2}{\376\377\000S\000i\000m\000u\000l\000a\000t\000i\000o\000n\000\040\000R\000e\000s\000u\000l\000t\000s}{section.4}% 45
\BOOKMARK [3][-]{subsubsection.4.2.1}{\376\377\000S\000i\000m\000u\000l\000a\000t\000i\000o\000n\000\040\000D\000e\000s\000i\000g\000n}{subsection.4.2}% 46
\BOOKMARK [3][-]{subsubsection.4.2.2}{\376\377\000B\000a\000s\000e\000l\000i\000n\000e\000\040\000R\000e\000s\000u\000l\000t\000s}{subsection.4.2}% 47
\BOOKMARK [3][-]{subsubsection.4.2.3}{\376\377\000P\000o\000l\000i\000c\000y\000\040\000E\000r\000r\000o\000r\000\040\000A\000n\000a\000l\000y\000s\000i\000s\000\040\000b\000y\000\040\000U\000n\000c\000e\000r\000t\000a\000i\000n\000t\000y\000\040\000R\000e\000g\000i\000m\000e}{subsection.4.2}% 48
\BOOKMARK [3][-]{subsubsection.4.2.4}{\376\377\000D\000y\000n\000a\000m\000i\000c\000\040\000A\000n\000a\000l\000y\000s\000i\000s\000:\000\040\000I\000m\000p\000u\000l\000s\000e\000\040\000R\000e\000s\000p\000o\000n\000s\000e\000\040\000F\000u\000n\000c\000t\000i\000o\000n\000s}{subsection.4.2}% 49
\BOOKMARK [3][-]{subsubsection.4.2.5}{\376\377\000W\000e\000l\000f\000a\000r\000e\000\040\000A\000n\000a\000l\000y\000s\000i\000s}{subsection.4.2}% 50
\BOOKMARK [3][-]{subsubsection.4.2.6}{\376\377\000S\000e\000n\000s\000i\000t\000i\000v\000i\000t\000y\000\040\000A\000n\000a\000l\000y\000s\000i\000s}{subsection.4.2}% 51
\BOOKMARK [1][-]{section.5}{\376\377\000C\000o\000n\000c\000l\000u\000s\000i\000o\000n\000s\000\040\000a\000n\000d\000\040\000P\000o\000l\000i\000c\000y\000\040\000I\000m\000p\000l\000i\000c\000a\000t\000i\000o\000n\000s}{}% 52
\BOOKMARK [2][-]{subsection.5.1}{\376\377\000S\000u\000m\000m\000a\000r\000y\000\040\000o\000f\000\040\000M\000a\000i\000n\000\040\000R\000e\000s\000u\000l\000t\000s}{section.5}% 53
\BOOKMARK [3][-]{subsubsection.5.1.1}{\376\377\000S\000y\000s\000t\000e\000m\000a\000t\000i\000c\000\040\000N\000a\000t\000u\000r\000e\000\040\000o\000f\000\040\000P\000o\000l\000i\000c\000y\000\040\000E\000r\000r\000o\000r\000s}{subsection.5.1}% 54
\BOOKMARK [3][-]{subsubsection.5.1.2}{\376\377\000N\000o\000n\000l\000i\000n\000e\000a\000r\000\040\000A\000m\000p\000l\000i\000f\000i\000c\000a\000t\000i\000o\000n\000\040\000E\000f\000f\000e\000c\000t\000s}{subsection.5.1}% 55
\BOOKMARK [3][-]{subsubsection.5.1.3}{\376\377\000E\000c\000o\000n\000o\000m\000i\000c\000\040\000S\000i\000g\000n\000i\000f\000i\000c\000a\000n\000c\000e}{subsection.5.1}% 56
\BOOKMARK [3][-]{subsubsection.5.1.4}{\376\377\000R\000o\000b\000u\000s\000t\000\040\000M\000e\000c\000h\000a\000n\000i\000s\000m\000s}{subsection.5.1}% 57
\BOOKMARK [2][-]{subsection.5.2}{\376\377\000P\000o\000l\000i\000c\000y\000\040\000I\000m\000p\000l\000i\000c\000a\000t\000i\000o\000n\000s}{section.5}% 58
\BOOKMARK [3][-]{subsubsection.5.2.1}{\376\377\000I\000n\000f\000o\000r\000m\000a\000t\000i\000o\000n\000\040\000I\000n\000f\000r\000a\000s\000t\000r\000u\000c\000t\000u\000r\000e\000\040\000I\000n\000v\000e\000s\000t\000m\000e\000n\000t}{subsection.5.2}% 59
\BOOKMARK [3][-]{subsubsection.5.2.2}{\376\377\000I\000n\000s\000t\000i\000t\000u\000t\000i\000o\000n\000a\000l\000\040\000D\000e\000s\000i\000g\000n\000\040\000f\000o\000r\000\040\000L\000e\000a\000r\000n\000i\000n\000g}{subsection.5.2}% 60
\BOOKMARK [3][-]{subsubsection.5.2.3}{\376\377\000R\000e\000g\000i\000m\000e\000-\000C\000o\000n\000t\000i\000n\000g\000e\000n\000t\000\040\000P\000o\000l\000i\000c\000y\000\040\000R\000u\000l\000e\000s}{subsection.5.2}% 61
\BOOKMARK [3][-]{subsubsection.5.2.4}{\376\377\000C\000r\000i\000s\000i\000s\000\040\000P\000r\000e\000p\000a\000r\000e\000d\000n\000e\000s\000s}{subsection.5.2}% 62
\BOOKMARK [2][-]{subsection.5.3}{\376\377\000L\000i\000m\000i\000t\000a\000t\000i\000o\000n\000s\000\040\000a\000n\000d\000\040\000F\000u\000t\000u\000r\000e\000\040\000R\000e\000s\000e\000a\000r\000c\000h}{section.5}% 63
\BOOKMARK [3][-]{subsubsection.5.3.1}{\376\377\000M\000o\000d\000e\000l\000\040\000E\000x\000t\000e\000n\000s\000i\000o\000n\000s}{subsection.5.3}% 64
\BOOKMARK [3][-]{subsubsection.5.3.2}{\376\377\000E\000m\000p\000i\000r\000i\000c\000a\000l\000\040\000V\000a\000l\000i\000d\000a\000t\000i\000o\000n}{subsection.5.3}% 65
\BOOKMARK [3][-]{subsubsection.5.3.3}{\376\377\000P\000o\000l\000i\000c\000y\000\040\000D\000e\000s\000i\000g\000n\000\040\000A\000p\000p\000l\000i\000c\000a\000t\000i\000o\000n\000s}{subsection.5.3}% 66
\BOOKMARK [2][-]{subsection.5.4}{\376\377\000F\000i\000n\000a\000l\000\040\000R\000e\000m\000a\000r\000k\000s}{section.5}% 67
