\BOOKMARK [1][-]{section.1}{\376\377\000I\000n\000t\000r\000o\000d\000u\000c\000t\000i\000o\000n}{}% 1
\BOOKMARK [1][-]{section.2}{\376\377\000E\000c\000o\000n\000o\000m\000i\000c\000\040\000U\000n\000c\000e\000r\000t\000a\000i\000n\000t\000y\000\040\000M\000e\000a\000s\000u\000r\000e\000m\000e\000n\000t\000:\000\040\000E\000x\000i\000s\000t\000i\000n\000g\000\040\000M\000e\000t\000h\000o\000d\000s\000\040\000a\000n\000d\000\040\000O\000u\000r\000\040\000P\000r\000o\000p\000o\000s\000a\000l}{}% 2
\BOOKMARK [1][-]{section.3}{\376\377\000C\000o\000n\000c\000e\000p\000t\000u\000a\000l\000\040\000F\000o\000u\000n\000d\000a\000t\000i\000o\000n\000s}{}% 3
\BOOKMARK [2][-]{subsection.3.1}{\376\377\000D\000i\000m\000e\000n\000s\000i\000o\000n\000s\000\040\000o\000f\000\040\000E\000c\000o\000n\000o\000m\000i\000c\000\040\000U\000n\000c\000e\000r\000t\000a\000i\000n\000t\000y}{section.3}% 4
\BOOKMARK [3][-]{subsubsection.3.1.1}{\376\377\000M\000o\000d\000e\000l\000\040\000D\000i\000s\000p\000e\000r\000s\000i\000o\000n\000\040\000U\000n\000c\000e\000r\000t\000a\000i\000n\000t\000y}{subsection.3.1}% 5
\BOOKMARK [3][-]{subsubsection.3.1.2}{\376\377\000W\000i\000t\000h\000i\000n\000-\000M\000o\000d\000e\000l\000\040\000V\000a\000r\000i\000a\000b\000i\000l\000i\000t\000y}{subsection.3.1}% 6
\BOOKMARK [3][-]{subsubsection.3.1.3}{\376\377\000T\000e\000m\000p\000o\000r\000a\000l\000\040\000I\000n\000s\000t\000a\000b\000i\000l\000i\000t\000y}{subsection.3.1}% 7
\BOOKMARK [2][-]{subsection.3.2}{\376\377\000N\000o\000r\000m\000a\000l\000i\000z\000a\000t\000i\000o\000n\000\040\000a\000n\000d\000\040\000I\000n\000t\000e\000r\000p\000r\000e\000t\000a\000b\000i\000l\000i\000t\000y}{section.3}% 8
\BOOKMARK [3][-]{subsubsection.3.2.1}{\376\377\000H\000i\000s\000t\000o\000r\000i\000c\000a\000l\000\040\000N\000o\000r\000m\000a\000l\000i\000z\000a\000t\000i\000o\000n}{subsection.3.2}% 9
\BOOKMARK [3][-]{subsubsection.3.2.2}{\376\377\000T\000h\000r\000e\000s\000h\000o\000l\000d\000\040\000D\000e\000f\000i\000n\000i\000t\000i\000o\000n}{subsection.3.2}% 10
\BOOKMARK [1][-]{section.4}{\376\377\000C\000o\000m\000p\000o\000s\000i\000t\000e\000\040\000I\000n\000d\000e\000x\000\040\000C\000o\000n\000s\000t\000r\000u\000c\000t\000i\000o\000n}{}% 11
\BOOKMARK [1][-]{section.5}{\376\377\000T\000h\000e\000o\000r\000e\000t\000i\000c\000a\000l\000\040\000I\000m\000p\000l\000i\000c\000a\000t\000i\000o\000n\000s}{}% 12
\BOOKMARK [1][-]{section.6}{\376\377\000E\000m\000p\000i\000r\000i\000c\000a\000l\000\040\000I\000m\000p\000l\000e\000m\000e\000n\000t\000a\000t\000i\000o\000n}{}% 13
\BOOKMARK [2][-]{subsection.6.1}{\376\377\000M\000o\000d\000e\000l\000\040\000S\000e\000l\000e\000c\000t\000i\000o\000n}{section.6}% 14
\BOOKMARK [2][-]{subsection.6.2}{\376\377\000C\000a\000l\000i\000b\000r\000a\000t\000i\000o\000n\000\040\000P\000r\000o\000c\000e\000s\000s}{section.6}% 15
\BOOKMARK [1][-]{section.7}{\376\377\000D\000a\000t\000a\000\040\000a\000n\000d\000\040\000I\000m\000p\000l\000e\000m\000e\000n\000t\000a\000t\000i\000o\000n}{}% 16
\BOOKMARK [2][-]{subsection.7.1}{\376\377\000D\000a\000t\000a\000\040\000S\000o\000u\000r\000c\000e\000s\000\040\000a\000n\000d\000\040\000S\000a\000m\000p\000l\000e}{section.7}% 17
\BOOKMARK [2][-]{subsection.7.2}{\376\377\000M\000o\000d\000e\000l\000\040\000S\000p\000e\000c\000i\000f\000i\000c\000a\000t\000i\000o\000n\000s}{section.7}% 18
\BOOKMARK [3][-]{subsubsection.7.2.1}{\376\377\000V\000e\000c\000t\000o\000r\000\040\000A\000u\000t\000o\000r\000e\000g\000r\000e\000s\000s\000i\000o\000n\000\040\000\050\000V\000A\000R\000\051}{subsection.7.2}% 19
\BOOKMARK [3][-]{subsubsection.7.2.2}{\376\377\000R\000a\000n\000d\000o\000m\000\040\000F\000o\000r\000e\000s\000t}{subsection.7.2}% 20
\BOOKMARK [3][-]{subsubsection.7.2.3}{\376\377\000A\000R\000I\000M\000A}{subsection.7.2}% 21
\BOOKMARK [3][-]{subsubsection.7.2.4}{\376\377\000L\000o\000n\000g\000\040\000S\000h\000o\000r\000t\000-\000T\000e\000r\000m\000\040\000M\000e\000m\000o\000r\000y\000\040\000\050\000L\000S\000T\000M\000\051}{subsection.7.2}% 22
\BOOKMARK [3][-]{subsubsection.7.2.5}{\376\377\000D\000y\000n\000a\000m\000i\000c\000\040\000F\000a\000c\000t\000o\000r\000\040\000M\000o\000d\000e\000l\000\040\000\050\000D\000F\000M\000\051}{subsection.7.2}% 23
\BOOKMARK [2][-]{subsection.7.3}{\376\377\000R\000o\000l\000l\000i\000n\000g\000\040\000E\000v\000a\000l\000u\000a\000t\000i\000o\000n\000\040\000P\000r\000o\000t\000o\000c\000o\000l}{section.7}% 24
\BOOKMARK [2][-]{subsection.7.4}{\376\377\000I\000m\000p\000l\000e\000m\000e\000n\000t\000a\000t\000i\000o\000n\000\040\000D\000e\000t\000a\000i\000l\000s}{section.7}% 25
\BOOKMARK [1][-]{section.8}{\376\377\000E\000m\000p\000i\000r\000i\000c\000a\000l\000\040\000R\000e\000s\000u\000l\000t\000s}{}% 26
\BOOKMARK [2][-]{subsection.8.1}{\376\377\000F\000r\000a\000m\000e\000w\000o\000r\000k\000\040\000O\000v\000e\000r\000v\000i\000e\000w}{section.8}% 27
\BOOKMARK [2][-]{subsection.8.2}{\376\377\000M\000o\000d\000e\000l\000\040\000P\000e\000r\000f\000o\000r\000m\000a\000n\000c\000e\000\040\000a\000n\000d\000\040\000R\000e\000s\000i\000l\000i\000e\000n\000c\000e\000\040\000A\000n\000a\000l\000y\000s\000i\000s}{section.8}% 28
\BOOKMARK [2][-]{subsection.8.3}{\376\377\000D\000i\000m\000e\000n\000s\000i\000o\000n\000a\000l\000\040\000A\000n\000a\000l\000y\000s\000i\000s\000\040\000a\000n\000d\000\040\000C\000o\000r\000r\000e\000l\000a\000t\000i\000o\000n\000s}{section.8}% 29
\BOOKMARK [3][-]{subsubsection.8.3.1}{\376\377\000W\000i\000t\000h\000i\000n\000-\000M\000o\000d\000e\000l\000\040\000U\000n\000c\000e\000r\000t\000a\000i\000n\000t\000y}{subsection.8.3}% 30
\BOOKMARK [3][-]{subsubsection.8.3.2}{\376\377\000B\000e\000t\000w\000e\000e\000n\000-\000M\000o\000d\000e\000l\000\040\000D\000i\000s\000p\000e\000r\000s\000i\000o\000n}{subsection.8.3}% 31
\BOOKMARK [3][-]{subsubsection.8.3.3}{\376\377\000T\000e\000m\000p\000o\000r\000a\000l\000\040\000I\000n\000s\000t\000a\000b\000i\000l\000i\000t\000y}{subsection.8.3}% 32
\BOOKMARK [3][-]{subsubsection.8.3.4}{\376\377\000D\000i\000m\000e\000n\000s\000i\000o\000n\000a\000l\000\040\000C\000o\000r\000r\000e\000l\000a\000t\000i\000o\000n\000s}{subsection.8.3}% 33
\BOOKMARK [2][-]{subsection.8.4}{\376\377\000C\000r\000i\000s\000i\000s\000\040\000E\000p\000i\000s\000o\000d\000e\000s\000\040\000a\000n\000d\000\040\000T\000h\000r\000e\000s\000h\000o\000l\000d\000\040\000P\000e\000r\000f\000o\000r\000m\000a\000n\000c\000e}{section.8}% 34
\BOOKMARK [2][-]{subsection.8.5}{\376\377\000C\000o\000m\000p\000a\000r\000a\000t\000i\000v\000e\000\040\000A\000n\000a\000l\000y\000s\000i\000s}{section.8}% 35
\BOOKMARK [2][-]{subsection.8.6}{\376\377\000R\000o\000b\000u\000s\000t\000n\000e\000s\000s\000\040\000A\000n\000a\000l\000y\000s\000i\000s}{section.8}% 36
\BOOKMARK [1][-]{section.9}{\376\377\000P\000o\000l\000i\000c\000y\000\040\000I\000m\000p\000l\000i\000c\000a\000t\000i\000o\000n\000s}{}% 37
\BOOKMARK [2][-]{subsection.9.1}{\376\377\000M\000o\000n\000e\000t\000a\000r\000y\000\040\000P\000o\000l\000i\000c\000y\000\040\000A\000p\000p\000l\000i\000c\000a\000t\000i\000o\000n\000s}{section.9}% 38
\BOOKMARK [3][-]{subsubsection.9.1.1}{\376\377\000F\000o\000r\000w\000a\000r\000d\000\040\000G\000u\000i\000d\000a\000n\000c\000e\000\040\000C\000a\000l\000i\000b\000r\000a\000t\000i\000o\000n}{subsection.9.1}% 39
\BOOKMARK [3][-]{subsubsection.9.1.2}{\376\377\000P\000o\000l\000i\000c\000y\000\040\000G\000r\000a\000d\000u\000a\000l\000i\000s\000m}{subsection.9.1}% 40
\BOOKMARK [3][-]{subsubsection.9.1.3}{\376\377\000U\000n\000c\000o\000n\000v\000e\000n\000t\000i\000o\000n\000a\000l\000\040\000P\000o\000l\000i\000c\000y\000\040\000D\000e\000s\000i\000g\000n}{subsection.9.1}% 41
\BOOKMARK [2][-]{subsection.9.2}{\376\377\000F\000i\000s\000c\000a\000l\000\040\000P\000o\000l\000i\000c\000y\000\040\000F\000r\000a\000m\000e\000w\000o\000r\000k}{section.9}% 42
\BOOKMARK [3][-]{subsubsection.9.2.1}{\376\377\000A\000u\000t\000o\000m\000a\000t\000i\000c\000\040\000S\000t\000a\000b\000i\000l\000i\000z\000e\000r\000\040\000C\000a\000l\000i\000b\000r\000a\000t\000i\000o\000n}{subsection.9.2}% 43
\BOOKMARK [3][-]{subsubsection.9.2.2}{\376\377\000D\000i\000s\000c\000r\000e\000t\000i\000o\000n\000a\000r\000y\000\040\000F\000i\000s\000c\000a\000l\000\040\000P\000o\000l\000i\000c\000y}{subsection.9.2}% 44
\BOOKMARK [3][-]{subsubsection.9.2.3}{\376\377\000D\000e\000b\000t\000\040\000S\000u\000s\000t\000a\000i\000n\000a\000b\000i\000l\000i\000t\000y\000\040\000A\000n\000a\000l\000y\000s\000i\000s}{subsection.9.2}% 45
\BOOKMARK [2][-]{subsection.9.3}{\376\377\000F\000i\000n\000a\000n\000c\000i\000a\000l\000\040\000R\000e\000g\000u\000l\000a\000t\000i\000o\000n\000\040\000a\000n\000d\000\040\000S\000u\000p\000e\000r\000v\000i\000s\000i\000o\000n}{section.9}% 46
\BOOKMARK [3][-]{subsubsection.9.3.1}{\376\377\000S\000t\000r\000e\000s\000s\000\040\000T\000e\000s\000t\000i\000n\000g\000\040\000E\000n\000h\000a\000n\000c\000e\000m\000e\000n\000t}{subsection.9.3}% 47
\BOOKMARK [3][-]{subsubsection.9.3.2}{\376\377\000C\000a\000p\000i\000t\000a\000l\000\040\000A\000d\000e\000q\000u\000a\000c\000y\000\040\000R\000e\000q\000u\000i\000r\000e\000m\000e\000n\000t\000s}{subsection.9.3}% 48
\BOOKMARK [2][-]{subsection.9.4}{\376\377\000E\000a\000r\000l\000y\000\040\000W\000a\000r\000n\000i\000n\000g\000\040\000S\000y\000s\000t\000e\000m\000\040\000I\000m\000p\000l\000e\000m\000e\000n\000t\000a\000t\000i\000o\000n}{section.9}% 49
\BOOKMARK [3][-]{subsubsection.9.4.1}{\376\377\000C\000r\000i\000s\000i\000s\000\040\000P\000r\000e\000v\000e\000n\000t\000i\000o\000n}{subsection.9.4}% 50
\BOOKMARK [3][-]{subsubsection.9.4.2}{\376\377\000C\000r\000i\000s\000i\000s\000\040\000M\000a\000n\000a\000g\000e\000m\000e\000n\000t}{subsection.9.4}% 51
\BOOKMARK [2][-]{subsection.9.5}{\376\377\000I\000n\000t\000e\000r\000n\000a\000t\000i\000o\000n\000a\000l\000\040\000A\000p\000p\000l\000i\000c\000a\000t\000i\000o\000n\000s\000\040\000a\000n\000d\000\040\000E\000x\000t\000e\000n\000s\000i\000o\000n\000s}{section.9}% 52
\BOOKMARK [3][-]{subsubsection.9.5.1}{\376\377\000C\000r\000o\000s\000s\000-\000C\000o\000u\000n\000t\000r\000y\000\040\000I\000m\000p\000l\000e\000m\000e\000n\000t\000a\000t\000i\000o\000n}{subsection.9.5}% 53
\BOOKMARK [3][-]{subsubsection.9.5.2}{\376\377\000S\000u\000p\000r\000a\000n\000a\000t\000i\000o\000n\000a\000l\000\040\000A\000p\000p\000l\000i\000c\000a\000t\000i\000o\000n\000s}{subsection.9.5}% 54
\BOOKMARK [3][-]{subsubsection.9.5.3}{\376\377\000S\000e\000c\000t\000o\000r\000a\000l\000\040\000E\000x\000t\000e\000n\000s\000i\000o\000n\000s}{subsection.9.5}% 55
\BOOKMARK [2][-]{subsection.9.6}{\376\377\000I\000m\000p\000l\000e\000m\000e\000n\000t\000a\000t\000i\000o\000n\000\040\000C\000o\000n\000s\000i\000d\000e\000r\000a\000t\000i\000o\000n\000s}{section.9}% 56
\BOOKMARK [1][-]{section.10}{\376\377\000C\000o\000n\000c\000l\000u\000s\000i\000o\000n}{}% 57
